[get_twitter_data info]：Twitter API認証を開始します。
[get_twitter_data info]：Twitter API認証が完了しました。
[get_twitter_data info]：Twitter データ取得を開始します。
[get_twitter_data info]：検索キーワード #浦ラジ since:2019-06-19_12:00:00_JST until:2019-06-26_12:00:00_JST
[get_twitter_data info]：取得回数 1回目　／　取得件数 74件
[get_twitter_data info]：取得回数 2回目　／　取得件数 95件
[get_twitter_data info]：取得回数 3回目　／　取得件数 47件
[get_twitter_data info]：取得回数 4回目　／　取得件数 1件
[get_twitter_data info]：Twitter データ取得が完了しました。
[get_twitter_data info]：ワードクラウドの生成を開始します。
[get_twitter_data info]：ワードクラウドの生成が完了しました。
[get_twitter_data info]：ツイートが完了しました。
[get_twitter_data info]：Twitter API認証を開始します。
[get_twitter_data info]：Twitter API認証が完了しました。
[get_twitter_data info]：Twitter データ取得を開始します。
[get_twitter_data info]：検索キーワード #浦ラジ since:2019-06-19_12:00:00_JST until:2019-06-26_12:00:00_JST
[get_twitter_data info]：取得回数 1回目　／　取得件数 74件
[get_twitter_data info]：取得回数 2回目　／　取得件数 95件
[get_twitter_data info]：取得回数 3回目　／　取得件数 48件
[get_twitter_data info]：取得回数 4回目　／　取得件数 1件
[get_twitter_data info]：Twitter データ取得が完了しました。
[get_twitter_data info]：ワードクラウドの生成を開始します。
[get_twitter_data info]：ワードクラウドの生成が完了しました。
[get_twitter_data info]：ツイートが完了しました。
