[get_twitter_data info]：Twitter API認証を開始します。
[get_twitter_data info]：Twitter API認証が完了しました。
[get_twitter_data info]：Twitter データ取得を開始します。
[get_twitter_data info]：検索キーワード #anju_RCC since:2019-06-20_19:30:00_JST until:2019-06-20_20:00:00_JST
[get_twitter_data info]：取得回数 1回目　／　取得件数 92件
[get_twitter_data info]：取得回数 2回目　／　取得件数 90件
[get_twitter_data info]：取得回数 3回目　／　取得件数 79件
[get_twitter_data info]：取得回数 4回目　／　取得件数 89件
[get_twitter_data info]：取得回数 5回目　／　取得件数 85件
[get_twitter_data info]：取得回数 6回目　／　取得件数 83件
[get_twitter_data info]：取得回数 7回目　／　取得件数 82件
[get_twitter_data info]：取得回数 8回目　／　取得件数 84件
[get_twitter_data info]：取得回数 9回目　／　取得件数 83件
[get_twitter_data info]：取得回数 10回目　／　取得件数 84件
[get_twitter_data info]：取得回数 11回目　／　取得件数 97件
[get_twitter_data info]：取得回数 12回目　／　取得件数 81件
[get_twitter_data info]：取得回数 13回目　／　取得件数 87件
[get_twitter_data info]：取得回数 14回目　／　取得件数 81件
[get_twitter_data info]：取得回数 15回目　／　取得件数 83件
[get_twitter_data info]：取得回数 16回目　／　取得件数 87件
[get_twitter_data info]：取得回数 17回目　／　取得件数 50件
[get_twitter_data info]：取得回数 18回目　／　取得件数 1件
[get_twitter_data info]：Twitter データ取得が完了しました。
[get_twitter_data info]：ワードクラウドの生成を開始します。
[get_twitter_data info]：ワードクラウドの生成が完了しました。
[get_twitter_data info]：ツイートが完了しました。
[get_twitter_data info]：Twitter API認証を開始します。
[get_twitter_data info]：Twitter API認証が完了しました。
[get_twitter_data info]：Twitter データ取得を開始します。
[get_twitter_data info]：検索キーワード #anju_RCC since:2019-06-20_19:30:00_JST until:2019-06-20_20:00:00_JST
[get_twitter_data info]：取得回数 1回目　／　取得件数 92件
[get_twitter_data info]：取得回数 2回目　／　取得件数 90件
[get_twitter_data info]：取得回数 3回目　／　取得件数 79件
[get_twitter_data info]：取得回数 4回目　／　取得件数 89件
[get_twitter_data info]：取得回数 5回目　／　取得件数 85件
[get_twitter_data info]：取得回数 6回目　／　取得件数 83件
[get_twitter_data info]：取得回数 7回目　／　取得件数 82件
[get_twitter_data info]：取得回数 8回目　／　取得件数 84件
[get_twitter_data info]：取得回数 9回目　／　取得件数 83件
[get_twitter_data info]：取得回数 10回目　／　取得件数 84件
[get_twitter_data info]：取得回数 11回目　／　取得件数 97件
[get_twitter_data info]：取得回数 12回目　／　取得件数 81件
[get_twitter_data info]：取得回数 13回目　／　取得件数 87件
[get_twitter_data info]：取得回数 14回目　／　取得件数 81件
[get_twitter_data info]：取得回数 15回目　／　取得件数 83件
[get_twitter_data info]：取得回数 16回目　／　取得件数 87件
[get_twitter_data info]：取得回数 17回目　／　取得件数 50件
[get_twitter_data info]：取得回数 18回目　／　取得件数 1件
[get_twitter_data info]：Twitter データ取得が完了しました。
[get_twitter_data info]：ワードクラウドの生成を開始します。
[get_twitter_data info]：ワードクラウドの生成が完了しました。
[get_twitter_data info]：ツイートが完了しました。
[get_twitter_data info]：Twitter API認証を開始します。
[get_twitter_data info]：Twitter API認証が完了しました。
[get_twitter_data info]：Twitter データ取得を開始します。
[get_twitter_data info]：検索キーワード #anju_RCC since:2019-06-20_19:30:00_JST until:2019-06-20_20:00:00_JST
[get_twitter_data info]：取得回数 1回目　／　取得件数 92件
[get_twitter_data info]：取得回数 2回目　／　取得件数 90件
[get_twitter_data info]：取得回数 3回目　／　取得件数 79件
[get_twitter_data info]：取得回数 4回目　／　取得件数 89件
[get_twitter_data info]：取得回数 5回目　／　取得件数 85件
[get_twitter_data info]：取得回数 6回目　／　取得件数 83件
[get_twitter_data info]：取得回数 7回目　／　取得件数 82件
[get_twitter_data info]：取得回数 8回目　／　取得件数 84件
[get_twitter_data info]：取得回数 9回目　／　取得件数 83件
[get_twitter_data info]：取得回数 10回目　／　取得件数 84件
[get_twitter_data info]：取得回数 11回目　／　取得件数 97件
[get_twitter_data info]：取得回数 12回目　／　取得件数 81件
[get_twitter_data info]：取得回数 13回目　／　取得件数 87件
[get_twitter_data info]：取得回数 14回目　／　取得件数 81件
[get_twitter_data info]：取得回数 15回目　／　取得件数 83件
[get_twitter_data info]：取得回数 16回目　／　取得件数 87件
[get_twitter_data info]：取得回数 17回目　／　取得件数 50件
[get_twitter_data info]：取得回数 18回目　／　取得件数 1件
[get_twitter_data info]：Twitter データ取得が完了しました。
[get_twitter_data info]：ワードクラウドの生成を開始します。
[get_twitter_data info]：ワードクラウドの生成が完了しました。
[get_twitter_data info]：ツイートが完了しました。
[get_twitter_data info]：Twitter API認証を開始します。
[get_twitter_data info]：Twitter API認証が完了しました。
[get_twitter_data info]：Twitter データ取得を開始します。
[get_twitter_data info]：検索キーワード #anju_RCC since:2019-06-20_19:30:00_JST until:2019-06-20_20:00:00_JST
[get_twitter_data info]：取得回数 1回目　／　取得件数 92件
[get_twitter_data info]：取得回数 2回目　／　取得件数 90件
[get_twitter_data info]：取得回数 3回目　／　取得件数 79件
[get_twitter_data info]：取得回数 4回目　／　取得件数 89件
[get_twitter_data info]：取得回数 5回目　／　取得件数 85件
[get_twitter_data info]：取得回数 6回目　／　取得件数 83件
[get_twitter_data info]：取得回数 7回目　／　取得件数 82件
[get_twitter_data info]：取得回数 8回目　／　取得件数 84件
[get_twitter_data info]：取得回数 9回目　／　取得件数 83件
[get_twitter_data info]：取得回数 10回目　／　取得件数 84件
[get_twitter_data info]：取得回数 11回目　／　取得件数 97件
[get_twitter_data info]：取得回数 12回目　／　取得件数 81件
[get_twitter_data info]：取得回数 13回目　／　取得件数 87件
[get_twitter_data info]：取得回数 14回目　／　取得件数 81件
[get_twitter_data info]：取得回数 15回目　／　取得件数 83件
[get_twitter_data info]：取得回数 16回目　／　取得件数 87件
[get_twitter_data info]：取得回数 17回目　／　取得件数 50件
[get_twitter_data info]：取得回数 18回目　／　取得件数 1件
[get_twitter_data info]：Twitter データ取得が完了しました。
[get_twitter_data info]：ワードクラウドの生成を開始します。
[get_twitter_data info]：ワードクラウドの生成が完了しました。
[get_twitter_data info]：ツイートが完了しました。
[get_twitter_data info]：Twitter API認証を開始します。
[get_twitter_data info]：Twitter API認証が完了しました。
[get_twitter_data info]：Twitter データ取得を開始します。
[get_twitter_data info]：検索キーワード #anju_RCC since:2019-06-20_19:30:00_JST until:2019-06-20_20:00:00_JST
[get_twitter_data info]：取得回数 1回目　／　取得件数 92件
[get_twitter_data info]：取得回数 2回目　／　取得件数 90件
[get_twitter_data info]：取得回数 3回目　／　取得件数 79件
[get_twitter_data info]：取得回数 4回目　／　取得件数 89件
[get_twitter_data info]：取得回数 5回目　／　取得件数 85件
[get_twitter_data info]：取得回数 6回目　／　取得件数 83件
[get_twitter_data info]：取得回数 7回目　／　取得件数 82件
[get_twitter_data info]：取得回数 8回目　／　取得件数 84件
[get_twitter_data info]：取得回数 9回目　／　取得件数 83件
[get_twitter_data info]：取得回数 10回目　／　取得件数 84件
[get_twitter_data info]：取得回数 11回目　／　取得件数 97件
[get_twitter_data info]：取得回数 12回目　／　取得件数 81件
[get_twitter_data info]：取得回数 13回目　／　取得件数 87件
[get_twitter_data info]：取得回数 14回目　／　取得件数 81件
[get_twitter_data info]：取得回数 15回目　／　取得件数 83件
[get_twitter_data info]：取得回数 16回目　／　取得件数 87件
[get_twitter_data info]：取得回数 17回目　／　取得件数 50件
[get_twitter_data info]：取得回数 18回目　／　取得件数 1件
[get_twitter_data info]：Twitter データ取得が完了しました。
[get_twitter_data info]：ワードクラウドの生成を開始します。
[get_twitter_data info]：ワードクラウドの生成が完了しました。
[get_twitter_data info]：ツイートが完了しました。
[get_twitter_data info]：Twitter API認証を開始します。
[get_twitter_data info]：Twitter API認証が完了しました。
[get_twitter_data info]：Twitter データ取得を開始します。
[get_twitter_data info]：検索キーワード #anju_RCC since:2019-06-20_19:30:00_JST until:2019-06-20_20:00:00_JST
[get_twitter_data info]：取得回数 1回目　／　取得件数 92件
[get_twitter_data info]：取得回数 2回目　／　取得件数 90件
[get_twitter_data info]：取得回数 3回目　／　取得件数 79件
[get_twitter_data info]：取得回数 4回目　／　取得件数 89件
[get_twitter_data info]：取得回数 5回目　／　取得件数 85件
[get_twitter_data info]：取得回数 6回目　／　取得件数 83件
[get_twitter_data info]：取得回数 7回目　／　取得件数 82件
[get_twitter_data info]：取得回数 8回目　／　取得件数 84件
[get_twitter_data info]：取得回数 9回目　／　取得件数 83件
[get_twitter_data info]：取得回数 10回目　／　取得件数 84件
[get_twitter_data info]：取得回数 11回目　／　取得件数 97件
[get_twitter_data info]：取得回数 12回目　／　取得件数 81件
[get_twitter_data info]：取得回数 13回目　／　取得件数 87件
[get_twitter_data info]：取得回数 14回目　／　取得件数 81件
[get_twitter_data info]：取得回数 15回目　／　取得件数 83件
[get_twitter_data info]：取得回数 16回目　／　取得件数 87件
[get_twitter_data info]：取得回数 17回目　／　取得件数 50件
[get_twitter_data info]：取得回数 18回目　／　取得件数 1件
[get_twitter_data info]：Twitter データ取得が完了しました。
[get_twitter_data info]：ワードクラウドの生成を開始します。
[get_twitter_data info]：Twitter API認証を開始します。
[get_twitter_data info]：Twitter API認証が完了しました。
[get_twitter_data info]：Twitter データ取得を開始します。
[get_twitter_data info]：検索キーワード #anju_RCC since:2019-06-20_19:30:00_JST until:2019-06-20_20:00:00_JST
[get_twitter_data info]：取得回数 1回目　／　取得件数 92件
[get_twitter_data info]：取得回数 2回目　／　取得件数 90件
[get_twitter_data info]：取得回数 3回目　／　取得件数 79件
[get_twitter_data info]：取得回数 4回目　／　取得件数 89件
[get_twitter_data info]：取得回数 5回目　／　取得件数 85件
[get_twitter_data info]：取得回数 6回目　／　取得件数 83件
[get_twitter_data info]：取得回数 7回目　／　取得件数 82件
[get_twitter_data info]：取得回数 8回目　／　取得件数 84件
[get_twitter_data info]：取得回数 9回目　／　取得件数 83件
[get_twitter_data info]：取得回数 10回目　／　取得件数 84件
[get_twitter_data info]：取得回数 11回目　／　取得件数 97件
[get_twitter_data info]：取得回数 12回目　／　取得件数 81件
[get_twitter_data info]：取得回数 13回目　／　取得件数 87件
[get_twitter_data info]：取得回数 14回目　／　取得件数 81件
[get_twitter_data info]：取得回数 15回目　／　取得件数 83件
[get_twitter_data info]：取得回数 16回目　／　取得件数 87件
[get_twitter_data info]：取得回数 17回目　／　取得件数 50件
[get_twitter_data info]：取得回数 18回目　／　取得件数 1件
[get_twitter_data info]：Twitter データ取得が完了しました。
[get_twitter_data info]：ワードクラウドの生成を開始します。
[get_twitter_data info]：ワードクラウドの生成が完了しました。
[get_twitter_data info]：ツイートが完了しました。
[get_twitter_data info]：Twitter API認証を開始します。
[get_twitter_data info]：Twitter API認証が完了しました。
[get_twitter_data info]：Twitter データ取得を開始します。
[get_twitter_data info]：検索キーワード #anju_RCC since:2019-06-20_19:30:00_JST until:2019-06-20_20:00:00_JST
[get_twitter_data info]：取得回数 1回目　／　取得件数 92件
[get_twitter_data info]：取得回数 2回目　／　取得件数 90件
[get_twitter_data info]：取得回数 3回目　／　取得件数 79件
[get_twitter_data info]：取得回数 4回目　／　取得件数 89件
[get_twitter_data info]：取得回数 5回目　／　取得件数 85件
[get_twitter_data info]：取得回数 6回目　／　取得件数 83件
[get_twitter_data info]：取得回数 7回目　／　取得件数 82件
[get_twitter_data info]：取得回数 8回目　／　取得件数 84件
[get_twitter_data info]：取得回数 9回目　／　取得件数 83件
[get_twitter_data info]：取得回数 10回目　／　取得件数 84件
[get_twitter_data info]：取得回数 11回目　／　取得件数 97件
[get_twitter_data info]：取得回数 12回目　／　取得件数 81件
[get_twitter_data info]：取得回数 13回目　／　取得件数 87件
[get_twitter_data info]：取得回数 14回目　／　取得件数 81件
[get_twitter_data info]：取得回数 15回目　／　取得件数 83件
[get_twitter_data info]：取得回数 16回目　／　取得件数 87件
[get_twitter_data info]：取得回数 17回目　／　取得件数 50件
[get_twitter_data info]：取得回数 18回目　／　取得件数 1件
[get_twitter_data info]：Twitter データ取得が完了しました。
[get_twitter_data info]：ワードクラウドの生成を開始します。
[get_twitter_data info]：ワードクラウドの生成が完了しました。
[get_twitter_data info]：ツイートが完了しました。
[get_twitter_data info]：Twitter API認証を開始します。
[get_twitter_data info]：Twitter API認証が完了しました。
[get_twitter_data info]：Twitter データ取得を開始します。
[get_twitter_data info]：検索キーワード #anju_RCC since:2019-06-20_19:30:00_JST until:2019-06-20_20:00:00_JST
[get_twitter_data info]：取得回数 1回目　／　取得件数 92件
[get_twitter_data info]：取得回数 2回目　／　取得件数 90件
[get_twitter_data info]：取得回数 3回目　／　取得件数 79件
[get_twitter_data info]：取得回数 4回目　／　取得件数 89件
[get_twitter_data info]：取得回数 5回目　／　取得件数 85件
[get_twitter_data info]：取得回数 6回目　／　取得件数 83件
[get_twitter_data info]：取得回数 7回目　／　取得件数 82件
[get_twitter_data info]：取得回数 8回目　／　取得件数 84件
[get_twitter_data info]：取得回数 9回目　／　取得件数 83件
[get_twitter_data info]：取得回数 10回目　／　取得件数 84件
[get_twitter_data info]：取得回数 11回目　／　取得件数 97件
[get_twitter_data info]：取得回数 12回目　／　取得件数 81件
[get_twitter_data info]：取得回数 13回目　／　取得件数 87件
[get_twitter_data info]：取得回数 14回目　／　取得件数 81件
[get_twitter_data info]：取得回数 15回目　／　取得件数 83件
[get_twitter_data info]：取得回数 16回目　／　取得件数 87件
[get_twitter_data info]：取得回数 17回目　／　取得件数 50件
[get_twitter_data info]：取得回数 18回目　／　取得件数 1件
[get_twitter_data info]：Twitter データ取得が完了しました。
[get_twitter_data info]：ワードクラウドの生成を開始します。
[get_twitter_data info]：ワードクラウドの生成が完了しました。
[get_twitter_data info]：ツイートが完了しました。
[get_twitter_data info]：Twitter API認証を開始します。
[get_twitter_data info]：Twitter API認証が完了しました。
[get_twitter_data info]：Twitter データ取得を開始します。
[get_twitter_data info]：検索キーワード #anju_RCC since:2019-06-13_19:30:00_JST until:2019-06-13_20:00:00_JST
[get_twitter_data info]：取得回数 1回目　／　取得件数 0件
[get_twitter_data info]：Twitter データ取得が完了しました。
[get_twitter_data info]：ワードクラウドの生成を開始します。
[get_twitter_data info]：Twitter API認証を開始します。
[get_twitter_data info]：Twitter API認証が完了しました。
[get_twitter_data info]：Twitter データ取得を開始します。
[get_twitter_data info]：検索キーワード #anju_RCC since:2019-06-20_19:30:00_JST until:2019-06-20_20:00:00_JST
[get_twitter_data info]：取得回数 1回目　／　取得件数 92件
[get_twitter_data info]：取得回数 2回目　／　取得件数 90件
[get_twitter_data info]：取得回数 3回目　／　取得件数 79件
[get_twitter_data info]：取得回数 4回目　／　取得件数 89件
[get_twitter_data info]：取得回数 5回目　／　取得件数 85件
[get_twitter_data info]：取得回数 6回目　／　取得件数 83件
[get_twitter_data info]：取得回数 7回目　／　取得件数 82件
[get_twitter_data info]：取得回数 8回目　／　取得件数 84件
[get_twitter_data info]：取得回数 9回目　／　取得件数 83件
[get_twitter_data info]：取得回数 10回目　／　取得件数 84件
[get_twitter_data info]：取得回数 11回目　／　取得件数 97件
[get_twitter_data info]：取得回数 12回目　／　取得件数 81件
[get_twitter_data info]：取得回数 13回目　／　取得件数 87件
[get_twitter_data info]：取得回数 14回目　／　取得件数 81件
[get_twitter_data info]：取得回数 15回目　／　取得件数 83件
[get_twitter_data info]：取得回数 16回目　／　取得件数 87件
[get_twitter_data info]：取得回数 17回目　／　取得件数 50件
[get_twitter_data info]：取得回数 18回目　／　取得件数 1件
[get_twitter_data info]：Twitter データ取得が完了しました。
[get_twitter_data info]：ワードクラウドの生成を開始します。
[get_twitter_data info]：ワードクラウドの生成が完了しました。
[get_twitter_data info]：ツイートが完了しました。
[get_twitter_data info]：Twitter API認証を開始します。
[get_twitter_data info]：Twitter API認証が完了しました。
[get_twitter_data info]：Twitter データ取得を開始します。
[get_twitter_data info]：検索キーワード #anju_RCC since:2019-06-13_19:30:00_JST until:2019-06-13_20:00:00_JST
[get_twitter_data info]：取得回数 1回目　／　取得件数 0件
[get_twitter_data info]：Twitter データ取得が完了しました。
[get_twitter_data info]：Twitter データ取得が0件のため、スクリプトを終了します。
[get_twitter_data info]：ワードクラウドの生成を開始します。
[get_twitter_data info]：Twitter API認証を開始します。
[get_twitter_data info]：Twitter API認証が完了しました。
[get_twitter_data info]：Twitter データ取得を開始します。
[get_twitter_data info]：検索キーワード #anju_RCC since:2019-06-13_19:30:00_JST until:2019-06-13_20:00:00_JST
[get_twitter_data info]：取得回数 1回目　／　取得件数 0件
[get_twitter_data info]：Twitter データ取得が完了しました。
[get_twitter_data info]：Twitter データ取得が0件のため、スクリプトを終了します。
[get_twitter_data info]：Twitter API認証を開始します。
[get_twitter_data info]：Twitter API認証が完了しました。
[get_twitter_data info]：Twitter データ取得を開始します。
[get_twitter_data info]：検索キーワード #anju_RCC since:2019-06-20_19:30:00_JST until:2019-06-20_20:00:00_JST
[get_twitter_data info]：取得回数 1回目　／　取得件数 92件
[get_twitter_data info]：取得回数 2回目　／　取得件数 90件
[get_twitter_data info]：取得回数 3回目　／　取得件数 79件
[get_twitter_data info]：取得回数 4回目　／　取得件数 89件
[get_twitter_data info]：取得回数 5回目　／　取得件数 85件
[get_twitter_data info]：取得回数 6回目　／　取得件数 83件
[get_twitter_data info]：取得回数 7回目　／　取得件数 82件
[get_twitter_data info]：取得回数 8回目　／　取得件数 84件
[get_twitter_data info]：取得回数 9回目　／　取得件数 83件
[get_twitter_data info]：取得回数 10回目　／　取得件数 84件
[get_twitter_data info]：取得回数 11回目　／　取得件数 97件
[get_twitter_data info]：取得回数 12回目　／　取得件数 81件
[get_twitter_data info]：取得回数 13回目　／　取得件数 87件
[get_twitter_data info]：取得回数 14回目　／　取得件数 81件
[get_twitter_data info]：取得回数 15回目　／　取得件数 83件
[get_twitter_data info]：取得回数 16回目　／　取得件数 87件
[get_twitter_data info]：取得回数 17回目　／　取得件数 50件
[get_twitter_data info]：取得回数 18回目　／　取得件数 1件
[get_twitter_data info]：Twitter データ取得が完了しました。
[get_twitter_data info]：ワードクラウドの生成を開始します。
[get_twitter_data info]：ワードクラウドの生成が完了しました。
[get_twitter_data info]：ツイートが完了しました。
[get_twitter_data info]：Twitter API認証を開始します。
[get_twitter_data info]：Twitter API認証が完了しました。
[get_twitter_data info]：Twitter データ取得を開始します。
[get_twitter_data info]：検索キーワード #anju_RCC since:2019-06-20_19:30:00_JST until:2019-06-20_20:00:00_JST
[get_twitter_data info]：取得回数 1回目　／　取得件数 92件
[get_twitter_data info]：取得回数 2回目　／　取得件数 90件
[get_twitter_data info]：取得回数 3回目　／　取得件数 79件
[get_twitter_data info]：取得回数 4回目　／　取得件数 89件
[get_twitter_data info]：取得回数 5回目　／　取得件数 85件
[get_twitter_data info]：取得回数 6回目　／　取得件数 83件
[get_twitter_data info]：取得回数 7回目　／　取得件数 82件
[get_twitter_data info]：取得回数 8回目　／　取得件数 84件
[get_twitter_data info]：取得回数 9回目　／　取得件数 83件
[get_twitter_data info]：取得回数 10回目　／　取得件数 84件
[get_twitter_data info]：取得回数 11回目　／　取得件数 97件
[get_twitter_data info]：取得回数 12回目　／　取得件数 81件
[get_twitter_data info]：取得回数 13回目　／　取得件数 87件
[get_twitter_data info]：取得回数 14回目　／　取得件数 81件
[get_twitter_data info]：取得回数 15回目　／　取得件数 83件
[get_twitter_data info]：取得回数 16回目　／　取得件数 87件
[get_twitter_data info]：取得回数 17回目　／　取得件数 50件
[get_twitter_data info]：取得回数 18回目　／　取得件数 1件
[get_twitter_data info]：Twitter データ取得が完了しました。
[get_twitter_data info]：ワードクラウドの生成を開始します。
[get_twitter_data info]：ワードクラウドの生成が完了しました。
[get_twitter_data info]：ツイートが完了しました。
[get_twitter_data info]：Twitter API認証を開始します。
[get_twitter_data info]：Twitter API認証が完了しました。
[get_twitter_data info]：Twitter データ取得を開始します。
[get_twitter_data info]：検索キーワード #anju_RCC since:2019-06-20_19:30:00_JST until:2019-06-20_20:00:00_JST
[get_twitter_data info]：取得回数 1回目　／　取得件数 92件
[get_twitter_data info]：取得回数 2回目　／　取得件数 90件
[get_twitter_data info]：取得回数 3回目　／　取得件数 79件
[get_twitter_data info]：取得回数 4回目　／　取得件数 89件
[get_twitter_data info]：取得回数 5回目　／　取得件数 85件
[get_twitter_data info]：取得回数 6回目　／　取得件数 83件
[get_twitter_data info]：取得回数 7回目　／　取得件数 82件
[get_twitter_data info]：取得回数 8回目　／　取得件数 84件
[get_twitter_data info]：取得回数 9回目　／　取得件数 83件
[get_twitter_data info]：取得回数 10回目　／　取得件数 84件
[get_twitter_data info]：取得回数 11回目　／　取得件数 97件
[get_twitter_data info]：取得回数 12回目　／　取得件数 81件
[get_twitter_data info]：取得回数 13回目　／　取得件数 87件
[get_twitter_data info]：取得回数 14回目　／　取得件数 81件
[get_twitter_data info]：取得回数 15回目　／　取得件数 83件
[get_twitter_data info]：取得回数 16回目　／　取得件数 87件
[get_twitter_data info]：取得回数 17回目　／　取得件数 50件
[get_twitter_data info]：取得回数 18回目　／　取得件数 1件
[get_twitter_data info]：Twitter データ取得が完了しました。
[get_twitter_data info]：ワードクラウドの生成を開始します。
[get_twitter_data info]：ワードクラウドの生成が完了しました。
[get_twitter_data info]：ツイートが完了しました。
[get_twitter_data info]：Twitter API認証を開始します。
[get_twitter_data info]：Twitter API認証が完了しました。
[get_twitter_data info]：Twitter データ取得を開始します。
[get_twitter_data info]：検索キーワード #anju_RCC since:2019-06-20_19:30:00_JST until:2019-06-20_20:00:00_JST
[get_twitter_data info]：取得回数 1回目　／　取得件数 92件
[get_twitter_data info]：取得回数 2回目　／　取得件数 90件
[get_twitter_data info]：取得回数 3回目　／　取得件数 79件
[get_twitter_data info]：取得回数 4回目　／　取得件数 89件
[get_twitter_data info]：取得回数 5回目　／　取得件数 85件
[get_twitter_data info]：取得回数 6回目　／　取得件数 83件
[get_twitter_data info]：取得回数 7回目　／　取得件数 82件
[get_twitter_data info]：取得回数 8回目　／　取得件数 84件
[get_twitter_data info]：取得回数 9回目　／　取得件数 83件
[get_twitter_data info]：取得回数 10回目　／　取得件数 84件
[get_twitter_data info]：取得回数 11回目　／　取得件数 97件
[get_twitter_data info]：取得回数 12回目　／　取得件数 81件
[get_twitter_data info]：取得回数 13回目　／　取得件数 87件
[get_twitter_data info]：取得回数 14回目　／　取得件数 81件
[get_twitter_data info]：取得回数 15回目　／　取得件数 83件
[get_twitter_data info]：取得回数 16回目　／　取得件数 87件
[get_twitter_data info]：取得回数 17回目　／　取得件数 50件
[get_twitter_data info]：取得回数 18回目　／　取得件数 1件
[get_twitter_data info]：Twitter データ取得が完了しました。
[get_twitter_data info]：Twitter API認証を開始します。
[get_twitter_data info]：Twitter API認証が完了しました。
[get_twitter_data info]：Twitter データ取得を開始します。
[get_twitter_data info]：検索キーワード #anju_RCC since:2019-06-20_19:30:00_JST until:2019-06-20_20:00:00_JST
[get_twitter_data info]：取得回数 1回目　／　取得件数 92件
[get_twitter_data info]：取得回数 2回目　／　取得件数 90件
[get_twitter_data info]：取得回数 3回目　／　取得件数 79件
[get_twitter_data info]：取得回数 4回目　／　取得件数 89件
[get_twitter_data info]：取得回数 5回目　／　取得件数 85件
[get_twitter_data info]：取得回数 6回目　／　取得件数 83件
[get_twitter_data info]：取得回数 7回目　／　取得件数 82件
[get_twitter_data info]：取得回数 8回目　／　取得件数 84件
[get_twitter_data info]：取得回数 9回目　／　取得件数 83件
[get_twitter_data info]：取得回数 10回目　／　取得件数 84件
[get_twitter_data info]：取得回数 11回目　／　取得件数 97件
[get_twitter_data info]：取得回数 12回目　／　取得件数 81件
[get_twitter_data info]：取得回数 13回目　／　取得件数 87件
[get_twitter_data info]：取得回数 14回目　／　取得件数 81件
[get_twitter_data info]：取得回数 15回目　／　取得件数 83件
[get_twitter_data info]：取得回数 16回目　／　取得件数 87件
[get_twitter_data info]：取得回数 17回目　／　取得件数 50件
[get_twitter_data info]：取得回数 18回目　／　取得件数 1件
[get_twitter_data info]：Twitter データ取得が完了しました。
[get_twitter_data info]：Twitter API認証を開始します。
[get_twitter_data info]：Twitter API認証が完了しました。
[get_twitter_data info]：Twitter データ取得を開始します。
[get_twitter_data info]：検索キーワード #anju_RCC since:2019-06-20_19:30:00_JST until:2019-06-20_20:00:00_JST
[get_twitter_data info]：取得回数 1回目　／　取得件数 92件
[get_twitter_data info]：取得回数 2回目　／　取得件数 90件
[get_twitter_data info]：取得回数 3回目　／　取得件数 79件
[get_twitter_data info]：取得回数 4回目　／　取得件数 89件
[get_twitter_data info]：取得回数 5回目　／　取得件数 85件
[get_twitter_data info]：取得回数 6回目　／　取得件数 83件
[get_twitter_data info]：取得回数 7回目　／　取得件数 82件
[get_twitter_data info]：取得回数 8回目　／　取得件数 84件
[get_twitter_data info]：取得回数 9回目　／　取得件数 83件
[get_twitter_data info]：取得回数 10回目　／　取得件数 84件
[get_twitter_data info]：取得回数 11回目　／　取得件数 97件
[get_twitter_data info]：取得回数 12回目　／　取得件数 81件
[get_twitter_data info]：取得回数 13回目　／　取得件数 87件
[get_twitter_data info]：取得回数 14回目　／　取得件数 81件
[get_twitter_data info]：取得回数 15回目　／　取得件数 83件
[get_twitter_data info]：取得回数 16回目　／　取得件数 87件
[get_twitter_data info]：取得回数 17回目　／　取得件数 50件
[get_twitter_data info]：取得回数 18回目　／　取得件数 1件
[get_twitter_data info]：Twitter データ取得が完了しました。
[get_twitter_data info]：ワードクラウドの生成を開始します。
[get_twitter_data info]：ワードクラウドの生成が完了しました。
[get_twitter_data info]：ツイートが完了しました。
[get_twitter_data info]：Twitter API認証を開始します。
[get_twitter_data info]：Twitter API認証が完了しました。
[get_twitter_data info]：Twitter データ取得を開始します。
[get_twitter_data info]：検索キーワード #anju_RCC since:2019-06-20_19:30:00_JST until:2019-06-20_20:00:00_JST
[get_twitter_data info]：取得回数 1回目　／　取得件数 92件
[get_twitter_data info]：取得回数 2回目　／　取得件数 90件
[get_twitter_data info]：取得回数 3回目　／　取得件数 79件
[get_twitter_data info]：取得回数 4回目　／　取得件数 89件
[get_twitter_data info]：取得回数 5回目　／　取得件数 85件
[get_twitter_data info]：取得回数 6回目　／　取得件数 83件
[get_twitter_data info]：取得回数 7回目　／　取得件数 82件
[get_twitter_data info]：取得回数 8回目　／　取得件数 84件
[get_twitter_data info]：取得回数 9回目　／　取得件数 83件
[get_twitter_data info]：取得回数 10回目　／　取得件数 84件
[get_twitter_data info]：取得回数 11回目　／　取得件数 97件
[get_twitter_data info]：取得回数 12回目　／　取得件数 81件
[get_twitter_data info]：取得回数 13回目　／　取得件数 87件
[get_twitter_data info]：取得回数 14回目　／　取得件数 81件
[get_twitter_data info]：取得回数 15回目　／　取得件数 83件
[get_twitter_data info]：取得回数 16回目　／　取得件数 87件
[get_twitter_data info]：取得回数 17回目　／　取得件数 50件
[get_twitter_data info]：取得回数 18回目　／　取得件数 1件
[get_twitter_data info]：Twitter データ取得が完了しました。
[get_twitter_data info]：ワードクラウドの生成を開始します。
[get_twitter_data info]：ワードクラウドの生成が完了しました。
[get_twitter_data info]：ツイートが完了しました。
